# JRE version: OpenJDK Runtime Environment (20.0.1+9) (build 20.0.1+9-29)
# Java VM: OpenJDK 64-Bit Server VM (20.0.1+9-29, mixed mode, sharing, tiered, compressed oops, compressed class ptrs, g1 gc, windows-amd64)
GC Precious Log:
 CardTable entry size: 512
 Card Set container configuration: InlinePtr #cards 4 size 8 Array Of Cards #cards 16 size 48 Howl #buckets 8 coarsen threshold 3686 Howl Bitmap #cards 512 size 80 coarsen threshold 460 Card regions per heap region 1 cards per card region 4096
 CPUs: 8 total, 8 available
 Memory: 16126M
 Large Page Support: Disabled
 NUMA Support: Disabled
 Compressed Oops: Enabled (Zero based)
 Heap Region Size: 2M
 Heap Min Capacity: 8M
 Heap Initial Capacity: 252M
 Heap Max Capacity: 4032M
 Pre-touch: Disabled
 Parallel Workers: 8
 Concurrent Workers: 2
 Concurrent Refinement Workers: 8
 Periodic GC: Disabled
Heap:
 garbage-first heap   total 258048K, used 147142K [0x0000000704000000, 0x0000000800000000)
  region size 2048K, 63 young (129024K), 1 survivors (2048K)
 Metaspace       used 8672K, committed 8960K, reserved 1114112K
  class space    used 718K, committed 832K, reserved 1048576K
GC Heap History (20 events):
Event: 16.029 GC heap before
{Heap before GC invocations=5 (full 0):
 garbage-first heap   total 258048K, used 229152K [0x0000000704000000, 0x0000000800000000)
  region size 2048K, 75 young (153600K), 1 survivors (2048K)
 Metaspace       used 8610K, committed 8832K, reserved 1114112K
  class space    used 712K, committed 832K, reserved 1048576K
}
Event: 16.030 GC heap after
{Heap after GC invocations=6 (full 0):
 garbage-first heap   total 258048K, used 22212K [0x0000000704000000, 0x0000000800000000)
  region size 2048K, 1 young (2048K), 1 survivors (2048K)
 Metaspace       used 8610K, committed 8832K, reserved 1114112K
  class space    used 712K, committed 832K, reserved 1048576K
}
Event: 29.522 GC heap before
{Heap before GC invocations=6 (full 0):
 garbage-first heap   total 258048K, used 173764K [0x0000000704000000, 0x0000000800000000)
  region size 2048K, 75 young (153600K), 1 survivors (2048K)
 Metaspace       used 8633K, committed 8896K, reserved 1114112K
  class space    used 714K, committed 832K, reserved 1048576K
}
Event: 29.524 GC heap after
{Heap after GC invocations=7 (full 0):
 garbage-first heap   total 258048K, used 22220K [0x0000000704000000, 0x0000000800000000)
  region size 2048K, 1 young (2048K), 1 survivors (2048K)
 Metaspace       used 8633K, committed 8896K, reserved 1114112K
  class space    used 714K, committed 832K, reserved 1048576K
}
Event: 43.502 GC heap before
{Heap before GC invocations=7 (full 0):
 garbage-first heap   total 258048K, used 173772K [0x0000000704000000, 0x0000000800000000)
  region size 2048K, 75 young (153600K), 1 survivors (2048K)
 Metaspace       used 8635K, committed 8896K, reserved 1114112K
  class space    used 714K, committed 832K, reserved 1048576K
}
Event: 43.504 GC heap after
{Heap after GC invocations=8 (full 0):
 garbage-first heap   total 258048K, used 22233K [0x0000000704000000, 0x0000000800000000)
  region size 2048K, 1 young (2048K), 1 survivors (2048K)
 Metaspace       used 8635K, committed 8896K, reserved 1114112K
  class space    used 714K, committed 832K, reserved 1048576K
}
Event: 57.551 GC heap before
{Heap before GC invocations=8 (full 0):
 garbage-first heap   total 258048K, used 173785K [0x0000000704000000, 0x0000000800000000)
  region size 2048K, 75 young (153600K), 1 survivors (2048K)
 Metaspace       used 8636K, committed 8896K, reserved 1114112K
  class space    used 714K, committed 832K, reserved 1048576K
}
Event: 57.553 GC heap after
{Heap after GC invocations=9 (full 0):
 garbage-first heap   total 258048K, used 22212K [0x0000000704000000, 0x0000000800000000)
  region size 2048K, 1 young (2048K), 1 survivors (2048K)
 Metaspace       used 8636K, committed 8896K, reserved 1114112K
  class space    used 714K, committed 832K, reserved 1048576K
}
Event: 86.963 GC heap before
{Heap before GC invocations=9 (full 0):
 garbage-first heap   total 258048K, used 173764K [0x0000000704000000, 0x0000000800000000)
  region size 2048K, 75 young (153600K), 1 survivors (2048K)
 Metaspace       used 8642K, committed 8896K, reserved 1114112K
  class space    used 714K, committed 832K, reserved 1048576K
}
Event: 86.966 GC heap after
{Heap after GC invocations=10 (full 0):
 garbage-first heap   total 258048K, used 22216K [0x0000000704000000, 0x0000000800000000)
  region size 2048K, 1 young (2048K), 1 survivors (2048K)
 Metaspace       used 8642K, committed 8896K, reserved 1114112K
  class space    used 714K, committed 832K, reserved 1048576K
}
Event: 104.785 GC heap before
{Heap before GC invocations=10 (full 0):
 garbage-first heap   total 258048K, used 173768K [0x0000000704000000, 0x0000000800000000)
  region size 2048K, 75 young (153600K), 1 survivors (2048K)
 Metaspace       used 8642K, committed 8896K, reserved 1114112K
  class space    used 714K, committed 832K, reserved 1048576K
}
Event: 104.787 GC heap after
{Heap after GC invocations=11 (full 0):
 garbage-first heap   total 258048K, used 22206K [0x0000000704000000, 0x0000000800000000)
  region size 2048K, 1 young (2048K), 1 survivors (2048K)
 Metaspace       used 8642K, committed 8896K, reserved 1114112K
  class space    used 714K, committed 832K, reserved 1048576K
}
Event: 119.266 GC heap before
{Heap before GC invocations=11 (full 0):
 garbage-first heap   total 258048K, used 173758K [0x0000000704000000, 0x0000000800000000)
  region size 2048K, 75 young (153600K), 1 survivors (2048K)
 Metaspace       used 8642K, committed 8896K, reserved 1114112K
  class space    used 714K, committed 832K, reserved 1048576K
}
Event: 119.268 GC heap after
{Heap after GC invocations=12 (full 0):
 garbage-first heap   total 258048K, used 22219K [0x0000000704000000, 0x0000000800000000)
  region size 2048K, 1 young (2048K), 1 survivors (2048K)
 Metaspace       used 8642K, committed 8896K, reserved 1114112K
  class space    used 714K, committed 832K, reserved 1048576K
}
Event: 133.813 GC heap before
{Heap before GC invocations=12 (full 0):
 garbage-first heap   total 258048K, used 173771K [0x0000000704000000, 0x0000000800000000)
  region size 2048K, 75 young (153600K), 1 survivors (2048K)
 Metaspace       used 8642K, committed 8896K, reserved 1114112K
  class space    used 714K, committed 832K, reserved 1048576K
}
Event: 133.816 GC heap after
{Heap after GC invocations=13 (full 0):
 garbage-first heap   total 258048K, used 22233K [0x0000000704000000, 0x0000000800000000)
  region size 2048K, 1 young (2048K), 1 survivors (2048K)
 Metaspace       used 8642K, committed 8896K, reserved 1114112K
  class space    used 714K, committed 832K, reserved 1048576K
}
Event: 174.945 GC heap before
{Heap before GC invocations=13 (full 0):
 garbage-first heap   total 258048K, used 173785K [0x0000000704000000, 0x0000000800000000)
  region size 2048K, 75 young (153600K), 1 survivors (2048K)
 Metaspace       used 8653K, committed 8896K, reserved 1114112K
  class space    used 714K, committed 832K, reserved 1048576K
}
Event: 174.948 GC heap after
{Heap after GC invocations=14 (full 0):
 garbage-first heap   total 258048K, used 22234K [0x0000000704000000, 0x0000000800000000)
  region size 2048K, 1 young (2048K), 1 survivors (2048K)
 Metaspace       used 8653K, committed 8896K, reserved 1114112K
  class space    used 714K, committed 832K, reserved 1048576K
}
Event: 191.135 GC heap before
{Heap before GC invocations=14 (full 0):
 garbage-first heap   total 258048K, used 173786K [0x0000000704000000, 0x0000000800000000)
  region size 2048K, 75 young (153600K), 1 survivors (2048K)
 Metaspace       used 8654K, committed 8896K, reserved 1114112K
  class space    used 714K, committed 832K, reserved 1048576K
}
Event: 191.137 GC heap after
{Heap after GC invocations=15 (full 0):
 garbage-first heap   total 258048K, used 22214K [0x0000000704000000, 0x0000000800000000)
  region size 2048K, 1 young (2048K), 1 survivors (2048K)
 Metaspace       used 8654K, committed 8896K, reserved 1114112K
  class space    used 714K, committed 832K, reserved 1048576K
}

