# JRE version: OpenJDK Runtime Environment (20.0+36) (build 20+36-2344)
# Java VM: OpenJDK 64-Bit Server VM (20+36-2344, mixed mode, sharing, tiered, compressed oops, compressed class ptrs, g1 gc, windows-amd64)
GC Precious Log:
 CardTable entry size: 512
 Card Set container configuration: InlinePtr #cards 4 size 8 Array Of Cards #cards 16 size 48 Howl #buckets 8 coarsen threshold 3686 Howl Bitmap #cards 512 size 80 coarsen threshold 460 Card regions per heap region 1 cards per card region 4096
 CPUs: 8 total, 8 available
 Memory: 16126M
 Large Page Support: Disabled
 NUMA Support: Disabled
 Compressed Oops: Enabled (Zero based)
 Heap Region Size: 2M
 Heap Min Capacity: 8M
 Heap Initial Capacity: 252M
 Heap Max Capacity: 4032M
 Pre-touch: Disabled
 Parallel Workers: 8
 Concurrent Workers: 2
 Concurrent Refinement Workers: 8
 Periodic GC: Disabled
Heap:
 garbage-first heap   total 258048K, used 13274K [0x0000000704000000, 0x0000000800000000)
  region size 2048K, 8 young (16384K), 2 survivors (4096K)
 Metaspace       used 4109K, committed 4352K, reserved 1114112K
  class space    used 278K, committed 384K, reserved 1048576K
GC Heap History (8 events):
Event: 2.028 GC heap before
{Heap before GC invocations=0 (full 0):
 garbage-first heap   total 258048K, used 22528K [0x0000000704000000, 0x0000000800000000)
  region size 2048K, 11 young (22528K), 0 survivors (0K)
 Metaspace       used 4082K, committed 4224K, reserved 1114112K
  class space    used 277K, committed 384K, reserved 1048576K
}
Event: 2.032 GC heap after
{Heap after GC invocations=1 (full 0):
 garbage-first heap   total 258048K, used 3199K [0x0000000704000000, 0x0000000800000000)
  region size 2048K, 2 young (4096K), 2 survivors (4096K)
 Metaspace       used 4082K, committed 4224K, reserved 1114112K
  class space    used 277K, committed 384K, reserved 1048576K
}
Event: 4.891 GC heap before
{Heap before GC invocations=1 (full 0):
 garbage-first heap   total 258048K, used 40063K [0x0000000704000000, 0x0000000800000000)
  region size 2048K, 20 young (40960K), 2 survivors (4096K)
 Metaspace       used 4086K, committed 4224K, reserved 1114112K
  class space    used 277K, committed 384K, reserved 1048576K
}
Event: 4.896 GC heap after
{Heap after GC invocations=2 (full 0):
 garbage-first heap   total 258048K, used 2867K [0x0000000704000000, 0x0000000800000000)
  region size 2048K, 2 young (4096K), 2 survivors (4096K)
 Metaspace       used 4086K, committed 4224K, reserved 1114112K
  class space    used 277K, committed 384K, reserved 1048576K
}
Event: 16.611 GC heap before
{Heap before GC invocations=2 (full 0):
 garbage-first heap   total 258048K, used 152371K [0x0000000704000000, 0x0000000800000000)
  region size 2048K, 75 young (153600K), 2 survivors (4096K)
 Metaspace       used 4086K, committed 4224K, reserved 1114112K
  class space    used 277K, committed 384K, reserved 1048576K
}
Event: 16.615 GC heap after
{Heap after GC invocations=3 (full 0):
 garbage-first heap   total 258048K, used 2927K [0x0000000704000000, 0x0000000800000000)
  region size 2048K, 2 young (4096K), 2 survivors (4096K)
 Metaspace       used 4086K, committed 4224K, reserved 1114112K
  class space    used 277K, committed 384K, reserved 1048576K
}
Event: 28.187 GC heap before
{Heap before GC invocations=3 (full 0):
 garbage-first heap   total 258048K, used 152431K [0x0000000704000000, 0x0000000800000000)
  region size 2048K, 75 young (153600K), 2 survivors (4096K)
 Metaspace       used 4100K, committed 4288K, reserved 1114112K
  class space    used 277K, committed 384K, reserved 1048576K
}
Event: 28.190 GC heap after
{Heap after GC invocations=4 (full 0):
 garbage-first heap   total 258048K, used 3034K [0x0000000704000000, 0x0000000800000000)
  region size 2048K, 2 young (4096K), 2 survivors (4096K)
 Metaspace       used 4100K, committed 4288K, reserved 1114112K
  class space    used 277K, committed 384K, reserved 1048576K
}

